<?xml version="1.0" encoding="utf-8"?><testsuites name="pytest tests"><testsuite name="pytest" errors="0" failures="0" skipped="0" tests="31" time="7.033" timestamp="2026-02-03T01:05:52.737580+00:00" hostname="agent-env-9434f1f8-aa06-4749-80cb-53648ba2dda1"><testcase classname="backend.tests.test_medequipmart_api.TestHealthAndConfig" name="test_config_endpoint" time="0.073" /><testcase classname="backend.tests.test_medequipmart_api.TestHealthAndConfig" name="test_categories_endpoint" time="0.041" /><testcase classname="backend.tests.test_medequipmart_api.TestAuthentication" name="test_admin_login_success" time="0.267" /><testcase classname="backend.tests.test_medequipmart_api.TestAuthentication" name="test_user_login_success" time="0.256" /><testcase classname="backend.tests.test_medequipmart_api.TestAuthentication" name="test_login_invalid_credentials" time="0.035" /><testcase classname="backend.tests.test_medequipmart_api.TestAuthentication" name="test_auth_me_with_token" time="0.296" /><testcase classname="backend.tests.test_medequipmart_api.TestAuthentication" name="test_auth_me_without_token" time="0.041" /><testcase classname="backend.tests.test_medequipmart_api.TestProducts" name="test_get_all_products" time="0.037" /><testcase classname="backend.tests.test_medequipmart_api.TestProducts" name="test_get_products_by_category" time="0.034" /><testcase classname="backend.tests.test_medequipmart_api.TestProducts" name="test_get_products_by_search" time="0.033" /><testcase classname="backend.tests.test_medequipmart_api.TestProducts" name="test_get_single_product" time="0.075" /><testcase classname="backend.tests.test_medequipmart_api.TestProducts" name="test_get_nonexistent_product" time="0.034" /><testcase classname="backend.tests.test_medequipmart_api.TestAdminProducts" name="test_admin_create_product" time="0.377" /><testcase classname="backend.tests.test_medequipmart_api.TestAdminProducts" name="test_admin_delete_product" time="0.366" /><testcase classname="backend.tests.test_medequipmart_api.TestAdminProducts" name="test_non_admin_cannot_create_product" time="0.292" /><testcase classname="backend.tests.test_medequipmart_api.TestCart" name="test_add_to_cart" time="0.336" /><testcase classname="backend.tests.test_medequipmart_api.TestCart" name="test_get_cart" time="0.294" /><testcase classname="backend.tests.test_medequipmart_api.TestCart" name="test_update_cart" time="0.405" /><testcase classname="backend.tests.test_medequipmart_api.TestCart" name="test_remove_from_cart" time="0.358" /><testcase classname="backend.tests.test_medequipmart_api.TestCart" name="test_cart_requires_auth" time="0.035" /><testcase classname="backend.tests.test_medequipmart_api.TestBulkEnquiries" name="test_create_bulk_enquiry" time="0.341" /><testcase classname="backend.tests.test_medequipmart_api.TestBulkEnquiries" name="test_get_my_enquiries" time="0.293" /><testcase classname="backend.tests.test_medequipmart_api.TestBulkEnquiries" name="test_admin_get_all_enquiries" time="0.297" /><testcase classname="backend.tests.test_medequipmart_api.TestBulkEnquiries" name="test_admin_update_enquiry_status" time="0.655" /><testcase classname="backend.tests.test_medequipmart_api.TestAdminEndpoints" name="test_admin_get_orders" time="0.295" /><testcase classname="backend.tests.test_medequipmart_api.TestAdminEndpoints" name="test_admin_get_reviews" time="0.295" /><testcase classname="backend.tests.test_medequipmart_api.TestAdminEndpoints" name="test_admin_get_verifications" time="0.298" /><testcase classname="backend.tests.test_medequipmart_api.TestReviews" name="test_create_review" time="0.339" /><testcase classname="backend.tests.test_medequipmart_api.TestReviews" name="test_get_product_reviews" time="0.073" /><testcase classname="backend.tests.test_medequipmart_api.TestReviews" name="test_get_featured_reviews" time="0.038" /><testcase classname="backend.tests.test_medequipmart_api.TestUserOrders" name="test_get_my_orders" time="0.331" /></testsuite></testsuites>